<?xml version="1.0" encoding="UTF-8"?>
<testng-results ignored="0" total="1" passed="1" failed="0" skipped="0">
  <reporter-output>
  </reporter-output>
  <suite started-at="2024-03-05T21:52:28 IST" name="Default suite" finished-at="2024-03-05T21:52:42 IST" duration-ms="14285">
    <groups>
    </groups>
    <test started-at="2024-03-05T21:52:28 IST" name="Default test" finished-at="2024-03-05T21:52:42 IST" duration-ms="14285">
      <class name="com.Appium1.AppiumTest.ViewText">
        <test-method is-config="true" signature="configureAppium()[pri:0, instance:com.Appium1.AppiumTest.ViewText@350aac89]" started-at="2024-03-05T21:52:28 IST" name="configureAppium" finished-at="2024-03-05T21:52:37 IST" duration-ms="9078" status="PASS">
          <reporter-output>
          </reporter-output>
        </test-method> <!-- configureAppium -->
        <test-method signature="viewTest()[pri:0, instance:com.Appium1.AppiumTest.ViewText@350aac89]" started-at="2024-03-05T21:52:37 IST" name="viewTest" finished-at="2024-03-05T21:52:42 IST" duration-ms="4853" status="PASS">
          <reporter-output>
          </reporter-output>
        </test-method> <!-- viewTest -->
        <test-method is-config="true" signature="tearDown()[pri:0, instance:com.Appium1.AppiumTest.ViewText@350aac89]" started-at="2024-03-05T21:52:42 IST" name="tearDown" finished-at="2024-03-05T21:52:42 IST" duration-ms="308" status="PASS">
          <reporter-output>
          </reporter-output>
        </test-method> <!-- tearDown -->
      </class> <!-- com.Appium1.AppiumTest.ViewText -->
    </test> <!-- Default test -->
  </suite> <!-- Default suite -->
</testng-results>
